<?xml version="1.0" encoding="UTF-8"?>
<!-- Generated by org.testng.reporters.JUnitReportReporter -->
<testsuite hostname="Saranyas-Air.fios-router.home" failures="0" tests="1" name="testScripts.VerifyLogin" time="12.172" errors="0" timestamp="2021-09-26T19:07:04 EDT" skipped="0">
  <testcase classname="testScripts.VerifyLogin" name="verifyLogin" time="12.172"/>
  <system-out/>
</testsuite> <!-- testScripts.VerifyLogin -->
